Wed, 10 May 2023 11:27:08 GMT
catchAll error
Stack: Error: ER_BAD_FIELD_ERROR: Unknown column 'imageName' in 'field list'
    at Query.Sequence._packetToError (D:\fullstuck\node.js-react-projects\Steimatzky-books\Backend\node_modules\mysql\lib\protocol\sequences\Sequence.js:47:14)
    at Query.ErrorPacket (D:\fullstuck\node.js-react-projects\Steimatzky-books\Backend\node_modules\mysql\lib\protocol\sequences\Query.js:79:18)
    at Protocol._parsePacket (D:\fullstuck\node.js-react-projects\Steimatzky-books\Backend\node_modules\mysql\lib\protocol\Protocol.js:291:23)
    at Parser._parsePacket (D:\fullstuck\node.js-react-projects\Steimatzky-books\Backend\node_modules\mysql\lib\protocol\Parser.js:433:10)
    at Parser.write (D:\fullstuck\node.js-react-projects\Steimatzky-books\Backend\node_modules\mysql\lib\protocol\Parser.js:43:10)
    at Protocol.write (D:\fullstuck\node.js-react-projects\Steimatzky-books\Backend\node_modules\mysql\lib\protocol\Protocol.js:38:16)
    at Socket.<anonymous> (D:\fullstuck\node.js-react-projects\Steimatzky-books\Backend\node_modules\mysql\lib\Connection.js:88:28)
    at Socket.<anonymous> (D:\fullstuck\node.js-react-projects\Steimatzky-books\Backend\node_modules\mysql\lib\Connection.js:526:10)
    at Socket.emit (node:events:513:28)
    at Socket.emit (node:domain:489:12)
    --------------------
    at Pool.query (D:\fullstuck\node.js-react-projects\Steimatzky-books\Backend\node_modules\mysql\lib\Pool.js:199:23)
    at D:\fullstuck\node.js-react-projects\Steimatzky-books\Backend\src\2-utils\dal.ts:13:20
    at new Promise (<anonymous>)
    at Object.execute (D:\fullstuck\node.js-react-projects\Steimatzky-books\Backend\src\2-utils\dal.ts:12:12)
    at Object.<anonymous> (D:\fullstuck\node.js-react-projects\Steimatzky-books\Backend\src\5-logic\books-logic.ts:90:38)
    at step (D:\fullstuck\node.js-react-projects\Steimatzky-books\Backend\src\5-logic\books-logic.ts:33:23)
    at Object.next (D:\fullstuck\node.js-react-projects\Steimatzky-books\Backend\src\5-logic\books-logic.ts:14:53)
    at D:\fullstuck\node.js-react-projects\Steimatzky-books\Backend\src\5-logic\books-logic.ts:8:71
    at new Promise (<anonymous>)
    at __awaiter (D:\fullstuck\node.js-react-projects\Steimatzky-books\Backend\src\5-logic\books-logic.ts:4:12)
----------------------------------------------------------------------------------------------------
Wed, 10 May 2023 11:28:14 GMT
catchAll error
Stack: Error: ER_PARSE_ERROR: You have an error in your SQL syntax; check the manual that corresponds to your MariaDB server version for the right syntax to use near 'WHERE books.bookId=7' at line 8
    at Query.Sequence._packetToError (D:\fullstuck\node.js-react-projects\Steimatzky-books\Backend\node_modules\mysql\lib\protocol\sequences\Sequence.js:47:14)
    at Query.ErrorPacket (D:\fullstuck\node.js-react-projects\Steimatzky-books\Backend\node_modules\mysql\lib\protocol\sequences\Query.js:79:18)
    at Protocol._parsePacket (D:\fullstuck\node.js-react-projects\Steimatzky-books\Backend\node_modules\mysql\lib\protocol\Protocol.js:291:23)
    at Parser._parsePacket (D:\fullstuck\node.js-react-projects\Steimatzky-books\Backend\node_modules\mysql\lib\protocol\Parser.js:433:10)
    at Parser.write (D:\fullstuck\node.js-react-projects\Steimatzky-books\Backend\node_modules\mysql\lib\protocol\Parser.js:43:10)
    at Protocol.write (D:\fullstuck\node.js-react-projects\Steimatzky-books\Backend\node_modules\mysql\lib\protocol\Protocol.js:38:16)
    at Socket.<anonymous> (D:\fullstuck\node.js-react-projects\Steimatzky-books\Backend\node_modules\mysql\lib\Connection.js:88:28)
    at Socket.<anonymous> (D:\fullstuck\node.js-react-projects\Steimatzky-books\Backend\node_modules\mysql\lib\Connection.js:526:10)
    at Socket.emit (node:events:513:28)
    at Socket.emit (node:domain:489:12)
    --------------------
    at Pool.query (D:\fullstuck\node.js-react-projects\Steimatzky-books\Backend\node_modules\mysql\lib\Pool.js:199:23)
    at D:\fullstuck\node.js-react-projects\Steimatzky-books\Backend\src\2-utils\dal.ts:13:20
    at new Promise (<anonymous>)
    at Object.execute (D:\fullstuck\node.js-react-projects\Steimatzky-books\Backend\src\2-utils\dal.ts:12:12)
    at Object.<anonymous> (D:\fullstuck\node.js-react-projects\Steimatzky-books\Backend\src\5-logic\books-logic.ts:89:38)
    at step (D:\fullstuck\node.js-react-projects\Steimatzky-books\Backend\src\5-logic\books-logic.ts:33:23)
    at Object.next (D:\fullstuck\node.js-react-projects\Steimatzky-books\Backend\src\5-logic\books-logic.ts:14:53)
    at D:\fullstuck\node.js-react-projects\Steimatzky-books\Backend\src\5-logic\books-logic.ts:8:71
    at new Promise (<anonymous>)
    at __awaiter (D:\fullstuck\node.js-react-projects\Steimatzky-books\Backend\src\5-logic\books-logic.ts:4:12)
----------------------------------------------------------------------------------------------------
Wed, 10 May 2023 11:29:11 GMT
catchAll error
Stack: Error: ER_PARSE_ERROR: You have an error in your SQL syntax; check the manual that corresponds to your MariaDB server version for the right syntax to use near 'WHERE books.bookId=7' at line 8
    at Query.Sequence._packetToError (D:\fullstuck\node.js-react-projects\Steimatzky-books\Backend\node_modules\mysql\lib\protocol\sequences\Sequence.js:47:14)
    at Query.ErrorPacket (D:\fullstuck\node.js-react-projects\Steimatzky-books\Backend\node_modules\mysql\lib\protocol\sequences\Query.js:79:18)
    at Protocol._parsePacket (D:\fullstuck\node.js-react-projects\Steimatzky-books\Backend\node_modules\mysql\lib\protocol\Protocol.js:291:23)
    at Parser._parsePacket (D:\fullstuck\node.js-react-projects\Steimatzky-books\Backend\node_modules\mysql\lib\protocol\Parser.js:433:10)
    at Parser.write (D:\fullstuck\node.js-react-projects\Steimatzky-books\Backend\node_modules\mysql\lib\protocol\Parser.js:43:10)
    at Protocol.write (D:\fullstuck\node.js-react-projects\Steimatzky-books\Backend\node_modules\mysql\lib\protocol\Protocol.js:38:16)
    at Socket.<anonymous> (D:\fullstuck\node.js-react-projects\Steimatzky-books\Backend\node_modules\mysql\lib\Connection.js:88:28)
    at Socket.<anonymous> (D:\fullstuck\node.js-react-projects\Steimatzky-books\Backend\node_modules\mysql\lib\Connection.js:526:10)
    at Socket.emit (node:events:513:28)
    at Socket.emit (node:domain:489:12)
    --------------------
    at Pool.query (D:\fullstuck\node.js-react-projects\Steimatzky-books\Backend\node_modules\mysql\lib\Pool.js:199:23)
    at D:\fullstuck\node.js-react-projects\Steimatzky-books\Backend\src\2-utils\dal.ts:13:20
    at new Promise (<anonymous>)
    at Object.execute (D:\fullstuck\node.js-react-projects\Steimatzky-books\Backend\src\2-utils\dal.ts:12:12)
    at Object.<anonymous> (D:\fullstuck\node.js-react-projects\Steimatzky-books\Backend\src\5-logic\books-logic.ts:89:38)
    at step (D:\fullstuck\node.js-react-projects\Steimatzky-books\Backend\src\5-logic\books-logic.ts:33:23)
    at Object.next (D:\fullstuck\node.js-react-projects\Steimatzky-books\Backend\src\5-logic\books-logic.ts:14:53)
    at D:\fullstuck\node.js-react-projects\Steimatzky-books\Backend\src\5-logic\books-logic.ts:8:71
    at new Promise (<anonymous>)
    at __awaiter (D:\fullstuck\node.js-react-projects\Steimatzky-books\Backend\src\5-logic\books-logic.ts:4:12)
----------------------------------------------------------------------------------------------------
Wed, 10 May 2023 11:45:39 GMT
catchAll error
Stack: Error: ER_BAD_FIELD_ERROR: Unknown column 'b.gunreId' in 'where clause'
    at Query.Sequence._packetToError (D:\fullstuck\node.js-react-projects\Steimatzky-books\Backend\node_modules\mysql\lib\protocol\sequences\Sequence.js:47:14)
    at Query.ErrorPacket (D:\fullstuck\node.js-react-projects\Steimatzky-books\Backend\node_modules\mysql\lib\protocol\sequences\Query.js:79:18)
    at Protocol._parsePacket (D:\fullstuck\node.js-react-projects\Steimatzky-books\Backend\node_modules\mysql\lib\protocol\Protocol.js:291:23)
    at Parser._parsePacket (D:\fullstuck\node.js-react-projects\Steimatzky-books\Backend\node_modules\mysql\lib\protocol\Parser.js:433:10)
    at Parser.write (D:\fullstuck\node.js-react-projects\Steimatzky-books\Backend\node_modules\mysql\lib\protocol\Parser.js:43:10)
    at Protocol.write (D:\fullstuck\node.js-react-projects\Steimatzky-books\Backend\node_modules\mysql\lib\protocol\Protocol.js:38:16)
    at Socket.<anonymous> (D:\fullstuck\node.js-react-projects\Steimatzky-books\Backend\node_modules\mysql\lib\Connection.js:88:28)
    at Socket.<anonymous> (D:\fullstuck\node.js-react-projects\Steimatzky-books\Backend\node_modules\mysql\lib\Connection.js:526:10)
    at Socket.emit (node:events:513:28)
    at Socket.emit (node:domain:489:12)
    --------------------
    at Pool.query (D:\fullstuck\node.js-react-projects\Steimatzky-books\Backend\node_modules\mysql\lib\Pool.js:199:23)
    at D:\fullstuck\node.js-react-projects\Steimatzky-books\Backend\src\2-utils\dal.ts:13:20
    at new Promise (<anonymous>)
    at Object.execute (D:\fullstuck\node.js-react-projects\Steimatzky-books\Backend\src\2-utils\dal.ts:12:12)
    at Object.<anonymous> (D:\fullstuck\node.js-react-projects\Steimatzky-books\Backend\src\5-logic\books-logic.ts:32:29)
    at step (D:\fullstuck\node.js-react-projects\Steimatzky-books\Backend\src\5-logic\books-logic.ts:33:23)
    at Object.next (D:\fullstuck\node.js-react-projects\Steimatzky-books\Backend\src\5-logic\books-logic.ts:14:53)
    at D:\fullstuck\node.js-react-projects\Steimatzky-books\Backend\src\5-logic\books-logic.ts:8:71
    at new Promise (<anonymous>)
    at __awaiter (D:\fullstuck\node.js-react-projects\Steimatzky-books\Backend\src\5-logic\books-logic.ts:4:12)
----------------------------------------------------------------------------------------------------
Wed, 10 May 2023 11:45:41 GMT
catchAll error
Stack: Error: ER_BAD_FIELD_ERROR: Unknown column 'b.gunreId' in 'where clause'
    at Query.Sequence._packetToError (D:\fullstuck\node.js-react-projects\Steimatzky-books\Backend\node_modules\mysql\lib\protocol\sequences\Sequence.js:47:14)
    at Query.ErrorPacket (D:\fullstuck\node.js-react-projects\Steimatzky-books\Backend\node_modules\mysql\lib\protocol\sequences\Query.js:79:18)
    at Protocol._parsePacket (D:\fullstuck\node.js-react-projects\Steimatzky-books\Backend\node_modules\mysql\lib\protocol\Protocol.js:291:23)
    at Parser._parsePacket (D:\fullstuck\node.js-react-projects\Steimatzky-books\Backend\node_modules\mysql\lib\protocol\Parser.js:433:10)
    at Parser.write (D:\fullstuck\node.js-react-projects\Steimatzky-books\Backend\node_modules\mysql\lib\protocol\Parser.js:43:10)
    at Protocol.write (D:\fullstuck\node.js-react-projects\Steimatzky-books\Backend\node_modules\mysql\lib\protocol\Protocol.js:38:16)
    at Socket.<anonymous> (D:\fullstuck\node.js-react-projects\Steimatzky-books\Backend\node_modules\mysql\lib\Connection.js:88:28)
    at Socket.<anonymous> (D:\fullstuck\node.js-react-projects\Steimatzky-books\Backend\node_modules\mysql\lib\Connection.js:526:10)
    at Socket.emit (node:events:513:28)
    at Socket.emit (node:domain:489:12)
    --------------------
    at Pool.query (D:\fullstuck\node.js-react-projects\Steimatzky-books\Backend\node_modules\mysql\lib\Pool.js:199:23)
    at D:\fullstuck\node.js-react-projects\Steimatzky-books\Backend\src\2-utils\dal.ts:13:20
    at new Promise (<anonymous>)
    at Object.execute (D:\fullstuck\node.js-react-projects\Steimatzky-books\Backend\src\2-utils\dal.ts:12:12)
    at Object.<anonymous> (D:\fullstuck\node.js-react-projects\Steimatzky-books\Backend\src\5-logic\books-logic.ts:32:29)
    at step (D:\fullstuck\node.js-react-projects\Steimatzky-books\Backend\src\5-logic\books-logic.ts:33:23)
    at Object.next (D:\fullstuck\node.js-react-projects\Steimatzky-books\Backend\src\5-logic\books-logic.ts:14:53)
    at D:\fullstuck\node.js-react-projects\Steimatzky-books\Backend\src\5-logic\books-logic.ts:8:71
    at new Promise (<anonymous>)
    at __awaiter (D:\fullstuck\node.js-react-projects\Steimatzky-books\Backend\src\5-logic\books-logic.ts:4:12)
----------------------------------------------------------------------------------------------------
